<?xml version="1.0" encoding="UTF-8"?>
<testng-results ignored="0" total="1" passed="1" failed="0" skipped="0">
  <reporter-output>
  </reporter-output>
  <suite started-at="2022-08-16T14:59:44 IST" name="Default suite" finished-at="2022-08-16T14:59:46 IST" duration-ms="2535">
    <groups>
    </groups>
    <test started-at="2022-08-16T14:59:44 IST" name="Default test" finished-at="2022-08-16T14:59:46 IST" duration-ms="2535">
      <class name="com.DummyJenkins.createCampaingn.CreateCapaignTest">
        <test-method signature="createcampTest()[pri:0, instance:com.DummyJenkins.createCampaingn.CreateCapaignTest@3e84448c]" started-at="2022-08-16T14:59:44 IST" name="createcampTest" finished-at="2022-08-16T14:59:46 IST" duration-ms="2484" status="PASS">
          <reporter-output>
          </reporter-output>
        </test-method> <!-- createcampTest -->
      </class> <!-- com.DummyJenkins.createCampaingn.CreateCapaignTest -->
    </test> <!-- Default test -->
  </suite> <!-- Default suite -->
</testng-results>
